<?xml version="1.0" encoding="UTF-8"?>
<!-- Generated by org.testng.reporters.JUnitXMLReporter -->
<testsuite hostname="Jobinz" name="Default test(failed)" tests="1" failures="1" timestamp="26 Jun 2016 10:03:32 GMT" time="9.612" errors="0">
  <testcase name="loadanewURL" time="9.596" classname="sandbox.Check_functions">
    <failure type="java.lang.NullPointerException">
      <![CDATA[java.lang.NullPointerException
	at sandbox.Check_functions.loadanewURL(Check_functions.java:19)
... Removed 24 stack frames]]>
    </failure>
  </testcase> <!-- loadanewURL -->
</testsuite> <!-- Default test(failed) -->
