<?xml version="1.0" encoding="UTF-8"?>
<testng-results skipped="0" failed="0" total="1" passed="1">
  <reporter-output>
  </reporter-output>
  <suite name="Failed suite [Failed suite [Failed suite [Default suite]]]" duration-ms="12070" started-at="2016-06-26T10:09:03Z" finished-at="2016-06-26T10:09:15Z">
    <groups>
    </groups>
    <test name="Default test(failed)(failed)(failed)" duration-ms="12070" started-at="2016-06-26T10:09:03Z" finished-at="2016-06-26T10:09:15Z">
      <class name="sandbox.Check_functions">
        <test-method status="PASS" signature="loadanewURL()[pri:0, instance:sandbox.Check_functions@2b98378d]" name="loadanewURL" duration-ms="12051" started-at="2016-06-26T11:09:03Z" finished-at="2016-06-26T11:09:15Z">
          <reporter-output>
          </reporter-output>
        </test-method> <!-- loadanewURL -->
      </class> <!-- sandbox.Check_functions -->
    </test> <!-- Default test(failed)(failed)(failed) -->
  </suite> <!-- Failed suite [Failed suite [Failed suite [Default suite]]] -->
</testng-results>
